<?xml version="1.0" encoding="UTF-8"?>
<!-- Generated by org.testng.reporters.JUnitXMLReporter -->
<testsuite ignored="0" hostname="DESKTOP-KO5JRFN" failures="0" tests="4" name="Test" time="4.883" errors="0" timestamp="02 Jun 2023 12:21:24 GMT">
  <testcase classname="Rest_API_GitHub.GetRequest" name="getsingleUser" time="3.546"/>
  <testcase classname="Rest_API_GitHub.PostRequest" name="createUser" time="0.483"/>
  <testcase classname="Rest_API_GitHub.PutRequest" name="updateUser" time="0.435"/>
  <testcase classname="Rest_API_GitHub.DeleteRequest" name="deleteUser" time="0.363"/>
</testsuite> <!-- Test -->
